Sections:
section seg400 (attr=<acrwx> align=2):
     400: opts: cpu types: m68000
     400: opts: fpu id 1 (f2xx)
     400: opts: small data is disabled
     400: opts: optimizations enabled
     400: opts: opt generic (1)
     400: opts: opt movem (0)
     400: opts: opt pea (0)
     400: opts: opt clr (0)
     400: opts: opt st (0)
     400: opts: opt lsl (0)
     400: opts: opt mul (0)
     400: opts: opt div (0)
     400: opts: opt float const (1)
     400: opts: opt branch to jump (0)
     400: opts: opt jump to longbranch (0)
     400: opts: opt pc-relative (1)
     400: opts: opt branch (1)
     400: opts: opt displacement (1)
     400: opts: opt absolute (1)
     400: opts: opt moveq (1)
     400: opts: opt neg.moveq (0)
     400: opts: opt quick (1)
     400: opts: opt branch to nop (1)
     400: opts: opt base disp (1)
     400: opts: opt outer disp (1)
     400: opts: opt adda/subq to lea (1)
     400: opts: opt lea to addq/subq (1)
     400: opts: opt immediate areg (1)
     400: opts: opt for speed (0)
     400: opts: opt for size (0)
     400: opts: opt small code (0)
     400: opts: opt small data (0)
     400: opts: warn about optimizations (0)
     400: opts: PIC check (0)
     400: opts: type and range checks (1)
     400: opts: hide all warnings (0)
     400: data(8): 21 79 00 00 00 00 00 02 rabs(2,0-31,0xffffffff,0x0,pc IMP REF ) 
Symbols:
pc IMP REF 
CARG EXPR(0=0x0) INTERNAL 
_MOVEMBYTES EXPR(0=0x0) INTERNAL 
 MOVEMSIZE EXPR(0=0x0) INTERNAL 
_MOVEMREGS EXPR(0=0x0) INTERNAL 
__LINE__ EXPR(7=0x7) INTERNAL 
__FO EXPR(0=0x0) INTERNAL 
__RS EXPR(0=0x0) INTERNAL 
REPTN EXPR(-1=0xffffffff) INTERNAL 
__VASM EXPR(1=0x1) INTERNAL 
__UNIXFS EXPR(0=0x0) INTERNAL 
